<?xml version="1.0" encoding="UTF-8"?>
<testsuite name="Scenario: creating new api user" time="5.304" tests="84" errors="0" skipped="5" failures="10">
  <properties>
[...]
</properties>
  <testcase name="Given I am in users page" classname="Scenario: creating new user 1" time="0.001"/>
  <testcase name="Then I click on new user link" classname="Scenario: creating new user 1" time="0"/>
  <testcase name="And enter user first name as FirstName" classname="Scenario: creating new user 1" time="0"/>
  <testcase name="And enter user last name as LastName" classname="Scenario: creating new user 1" time="0"/>
  <testcase name="And enter user email id as First.Last@gmail.com" classname="Scenario: creating new user 1" time="0"/>
  <testcase name="And enter user username as UserName" classname="Scenario: creating new user 1" time="0"/>
  <testcase name="And enter user password as Password" classname="Scenario: creating new user 1" time="0"/>
  <testcase name="And enter user phone as 12345677891" classname="Scenario: creating new user 1" time="0"/>
  <testcase name="And enter user address as TW Gurgaon" classname="Scenario: creating new user 1" time="0"/>
  <testcase name="And enter user postcode as 122002" classname="Scenario: creating new user 1" time="0"/>
  <testcase name="And enter user year of dob as 1991" classname="Scenario: creating new user 1" time="0"/>
  <testcase name="And enter user month of dob as March" classname="Scenario: creating new user 1" time="0"/>
  <testcase name="And enter user day of dob as 21" classname="Scenario: creating new user 1" time="0"/>
  <testcase name="And enter user sex as Female" classname="Scenario: creating new user 1" time="0"/>
  <testcase name="And enter user comments as attending vodqa" classname="Scenario: creating new user 1" time="0"/>
  <testcase name="And click create user button" classname="Scenario: creating new user 1" time="0"/>
  <testcase name="Then verify user is on confirm page" classname="Scenario: creating new user 1" time="0.001">
    <failure message="expected:&lt;[User was successfully created.]&gt; but was:&lt;[Element Not Found]&gt;" type="org.junit.ComparisonFailure"><![CDATA[org.junit.ComparisonFailure: expected:<[User was successfully created.]> but was:<[Element Not Found]>
	at org.junit.Assert.assertEquals(Assert.java:115)
	at org.junit.Assert.assertEquals(Assert.java:144)
	at steps.MyStepdefs.verify_user_is_on_confirm_page(MyStepdefs.java:145)
	at ✽.Then verify user is on confirm page(features/backgroundFeature.feature:22)
]]></failure>
  </testcase>
  <testcase name="Scenario: creating new user 1" classname="Scenario: creating new user 1" time="0.001">
    <failure message="expected:&lt;[User was successfully created.]&gt; but was:&lt;[Element Not Found]&gt;" type="org.junit.ComparisonFailure"><![CDATA[org.junit.ComparisonFailure: expected:<[User was successfully created.]> but was:<[Element Not Found]>
	at org.junit.Assert.assertEquals(Assert.java:115)
	at org.junit.Assert.assertEquals(Assert.java:144)
	at steps.MyStepdefs.verify_user_is_on_confirm_page(MyStepdefs.java:145)
	at ✽.Then verify user is on confirm page(features/backgroundFeature.feature:22)
]]></failure>
  </testcase>
  <testcase name="Given I am in users page" classname="Scenario: creating new user 2" time="0"/>
  <testcase name="Then I click on new user link" classname="Scenario: creating new user 2" time="0"/>
  <testcase name="And enter user first name as FirstName" classname="Scenario: creating new user 2" time="0"/>
  <testcase name="And enter user last name as LastName" classname="Scenario: creating new user 2" time="0"/>
  <testcase name="And enter user email id as First.Last@gmail.com" classname="Scenario: creating new user 2" time="0"/>
  <testcase name="And enter user username as UserName" classname="Scenario: creating new user 2" time="0"/>
  <testcase name="And enter user password as Password" classname="Scenario: creating new user 2" time="0"/>
  <testcase name="And enter user phone as 12345677891" classname="Scenario: creating new user 2" time="0"/>
  <testcase name="And enter user address as TW Gurgaon" classname="Scenario: creating new user 2" time="0"/>
  <testcase name="And enter user postcode as 122002" classname="Scenario: creating new user 2" time="0"/>
  <testcase name="And enter user year of dob as 1991" classname="Scenario: creating new user 2" time="0"/>
  <testcase name="And enter user month of dob as March" classname="Scenario: creating new user 2" time="0"/>
  <testcase name="And enter user day of dob as 21" classname="Scenario: creating new user 2" time="0"/>
  <testcase name="And enter user sex as Female" classname="Scenario: creating new user 2" time="0"/>
  <testcase name="And enter user comments as attending vodqa" classname="Scenario: creating new user 2" time="0"/>
  <testcase name="And click create user button" classname="Scenario: creating new user 2" time="0"/>
  <testcase name="Then verify user is on confirm page" classname="Scenario: creating new user 2" time="0.001">
    <failure message="expected:&lt;[User was successfully created.]&gt; but was:&lt;[Element Not Found]&gt;" type="org.junit.ComparisonFailure"><![CDATA[org.junit.ComparisonFailure: expected:<[User was successfully created.]> but was:<[Element Not Found]>
	at org.junit.Assert.assertEquals(Assert.java:115)
	at org.junit.Assert.assertEquals(Assert.java:144)
	at steps.MyStepdefs.verify_user_is_on_confirm_page(MyStepdefs.java:145)
	at ✽.Then verify user is on confirm page(features/backgroundFeature.feature:40)
]]></failure>
  </testcase>
  <testcase name="Scenario: creating new user 2" classname="Scenario: creating new user 2" time="0.001">
    <failure message="expected:&lt;[User was successfully created.]&gt; but was:&lt;[Element Not Found]&gt;" type="org.junit.ComparisonFailure"><![CDATA[org.junit.ComparisonFailure: expected:<[User was successfully created.]> but was:<[Element Not Found]>
	at org.junit.Assert.assertEquals(Assert.java:115)
	at org.junit.Assert.assertEquals(Assert.java:144)
	at steps.MyStepdefs.verify_user_is_on_confirm_page(MyStepdefs.java:145)
	at ✽.Then verify user is on confirm page(features/backgroundFeature.feature:40)
]]></failure>
  </testcase>
  <testcase name="Given I am in users page" classname="Scenario: Second User creation" time="0"/>
  <testcase name="When I click on new user link" classname="Scenario: Second User creation" time="0"/>
  <testcase name="And I enter user details as:" classname="Scenario: Second User creation" time="0"/>
  <testcase name="And click create user button" classname="Scenario: Second User creation" time="0"/>
  <testcase name="Then verify user is on confirm page" classname="Scenario: Second User creation" time="0.001">
    <failure message="expected:&lt;[User was successfully created.]&gt; but was:&lt;[Element Not Found]&gt;" type="org.junit.ComparisonFailure"><![CDATA[org.junit.ComparisonFailure: expected:<[User was successfully created.]> but was:<[Element Not Found]>
	at org.junit.Assert.assertEquals(Assert.java:115)
	at org.junit.Assert.assertEquals(Assert.java:144)
	at steps.MyStepdefs.verify_user_is_on_confirm_page(MyStepdefs.java:145)
	at ✽.Then verify user is on confirm page(features/dataTableFeature.feature:10)
]]></failure>
  </testcase>
  <testcase name="Scenario: Second User creation" classname="Scenario: Second User creation" time="0.002">
    <failure message="expected:&lt;[User was successfully created.]&gt; but was:&lt;[Element Not Found]&gt;" type="org.junit.ComparisonFailure"><![CDATA[org.junit.ComparisonFailure: expected:<[User was successfully created.]> but was:<[Element Not Found]>
	at org.junit.Assert.assertEquals(Assert.java:115)
	at org.junit.Assert.assertEquals(Assert.java:144)
	at steps.MyStepdefs.verify_user_is_on_confirm_page(MyStepdefs.java:145)
	at ✽.Then verify user is on confirm page(features/dataTableFeature.feature:10)
]]></failure>
  </testcase>
  <testcase name="Given I am in users page" classname="Scenario: creating new user" time="0"/>
  <testcase name="Then I click on new user link" classname="Scenario: creating new user" time="0"/>
  <testcase name="And enter user first name as FirstName2" classname="Scenario: creating new user" time="0"/>
  <testcase name="And enter user last name as LastName2" classname="Scenario: creating new user" time="0"/>
  <testcase name="And enter user email id as First2.Last2@gmail.com" classname="Scenario: creating new user" time="0"/>
  <testcase name="And enter user username as UserName" classname="Scenario: creating new user" time="0"/>
  <testcase name="And enter user password as Password" classname="Scenario: creating new user" time="0"/>
  <testcase name="And enter user phone as 12345677891" classname="Scenario: creating new user" time="0"/>
  <testcase name="And enter user address as TW Gurgaon" classname="Scenario: creating new user" time="0"/>
  <testcase name="And enter user postcode as 122002" classname="Scenario: creating new user" time="0"/>
  <testcase name="And enter user year of dob as 1991" classname="Scenario: creating new user" time="0"/>
  <testcase name="And enter user month of dob as March" classname="Scenario: creating new user" time="0"/>
  <testcase name="And enter user day of dob as 21" classname="Scenario: creating new user" time="0"/>
  <testcase name="And enter user sex as Female" classname="Scenario: creating new user" time="0"/>
  <testcase name="And enter user comments as attending vodqa" classname="Scenario: creating new user" time="0"/>
  <testcase name="And click create user button" classname="Scenario: creating new user" time="0"/>
  <testcase name="Then verify user is on confirm page" classname="Scenario: creating new user" time="0">
    <failure message="expected:&lt;[User was successfully created.]&gt; but was:&lt;[Element Not Found]&gt;" type="org.junit.ComparisonFailure"><![CDATA[org.junit.ComparisonFailure: expected:<[User was successfully created.]> but was:<[Element Not Found]>
	at org.junit.Assert.assertEquals(Assert.java:115)
	at org.junit.Assert.assertEquals(Assert.java:144)
	at steps.MyStepdefs.verify_user_is_on_confirm_page(MyStepdefs.java:145)
	at ✽.Then verify user is on confirm page(features/feature.feature:21)
]]></failure>
  </testcase>
  <testcase name="Scenario: creating new user" classname="Scenario: creating new user" time="0">
    <failure message="expected:&lt;[User was successfully created.]&gt; but was:&lt;[Element Not Found]&gt;" type="org.junit.ComparisonFailure"><![CDATA[org.junit.ComparisonFailure: expected:<[User was successfully created.]> but was:<[Element Not Found]>
	at org.junit.Assert.assertEquals(Assert.java:115)
	at org.junit.Assert.assertEquals(Assert.java:144)
	at steps.MyStepdefs.verify_user_is_on_confirm_page(MyStepdefs.java:145)
	at ✽.Then verify user is on confirm page(features/feature.feature:21)
]]></failure>
  </testcase>
  <testcase name="Given I am in users page" classname="| SecondUser | LastName | SecondUser@gmail.com | SecondUser | password12 | 1234567890 | Sushant Lok | 122002 | 1991 | jan | 21 | Female | Test User 2 |" time="0"/>
  <testcase name="Then I click on new user link" classname="| SecondUser | LastName | SecondUser@gmail.com | SecondUser | password12 | 1234567890 | Sushant Lok | 122002 | 1991 | jan | 21 | Female | Test User 2 |" time="0.001"/>
  <testcase name="And enter user first name as SecondUser" classname="| SecondUser | LastName | SecondUser@gmail.com | SecondUser | password12 | 1234567890 | Sushant Lok | 122002 | 1991 | jan | 21 | Female | Test User 2 |" time="0"/>
  <testcase name="And enter user last name as LastName" classname="| SecondUser | LastName | SecondUser@gmail.com | SecondUser | password12 | 1234567890 | Sushant Lok | 122002 | 1991 | jan | 21 | Female | Test User 2 |" time="0"/>
  <testcase name="And enter user email id as SecondUser@gmail.com" classname="| SecondUser | LastName | SecondUser@gmail.com | SecondUser | password12 | 1234567890 | Sushant Lok | 122002 | 1991 | jan | 21 | Female | Test User 2 |" time="0"/>
  <testcase name="And enter user username as SecondUser" classname="| SecondUser | LastName | SecondUser@gmail.com | SecondUser | password12 | 1234567890 | Sushant Lok | 122002 | 1991 | jan | 21 | Female | Test User 2 |" time="0"/>
  <testcase name="And enter user password as password12" classname="| SecondUser | LastName | SecondUser@gmail.com | SecondUser | password12 | 1234567890 | Sushant Lok | 122002 | 1991 | jan | 21 | Female | Test User 2 |" time="0"/>
  <testcase name="And enter user phone as 1234567890" classname="| SecondUser | LastName | SecondUser@gmail.com | SecondUser | password12 | 1234567890 | Sushant Lok | 122002 | 1991 | jan | 21 | Female | Test User 2 |" time="0"/>
  <testcase name="And enter user address as Sushant Lok" classname="| SecondUser | LastName | SecondUser@gmail.com | SecondUser | password12 | 1234567890 | Sushant Lok | 122002 | 1991 | jan | 21 | Female | Test User 2 |" time="0.001"/>
  <testcase name="And enter user postcode as 122002" classname="| SecondUser | LastName | SecondUser@gmail.com | SecondUser | password12 | 1234567890 | Sushant Lok | 122002 | 1991 | jan | 21 | Female | Test User 2 |" time="0"/>
  <testcase name="And enter user year of dob as 1991" classname="| SecondUser | LastName | SecondUser@gmail.com | SecondUser | password12 | 1234567890 | Sushant Lok | 122002 | 1991 | jan | 21 | Female | Test User 2 |" time="0"/>
  <testcase name="And enter user month of dob as jan" classname="| SecondUser | LastName | SecondUser@gmail.com | SecondUser | password12 | 1234567890 | Sushant Lok | 122002 | 1991 | jan | 21 | Female | Test User 2 |" time="0.001"/>
  <testcase name="And enter user day of dob as 21" classname="| SecondUser | LastName | SecondUser@gmail.com | SecondUser | password12 | 1234567890 | Sushant Lok | 122002 | 1991 | jan | 21 | Female | Test User 2 |" time="0"/>
  <testcase name="And enter user sex as Female" classname="| SecondUser | LastName | SecondUser@gmail.com | SecondUser | password12 | 1234567890 | Sushant Lok | 122002 | 1991 | jan | 21 | Female | Test User 2 |" time="0"/>
  <testcase name="And enter user comments as Test User 2" classname="| SecondUser | LastName | SecondUser@gmail.com | SecondUser | password12 | 1234567890 | Sushant Lok | 122002 | 1991 | jan | 21 | Female | Test User 2 |" time="0"/>
  <testcase name="And click create user button" classname="| SecondUser | LastName | SecondUser@gmail.com | SecondUser | password12 | 1234567890 | Sushant Lok | 122002 | 1991 | jan | 21 | Female | Test User 2 |" time="0"/>
  <testcase name="Then verify user is on confirm page" classname="| SecondUser | LastName | SecondUser@gmail.com | SecondUser | password12 | 1234567890 | Sushant Lok | 122002 | 1991 | jan | 21 | Female | Test User 2 |" time="0.001">
    <failure message="expected:&lt;[User was successfully created.]&gt; but was:&lt;[Element Not Found]&gt;" type="org.junit.ComparisonFailure"><![CDATA[org.junit.ComparisonFailure: expected:<[User was successfully created.]> but was:<[Element Not Found]>
	at org.junit.Assert.assertEquals(Assert.java:115)
	at org.junit.Assert.assertEquals(Assert.java:144)
	at steps.MyStepdefs.verify_user_is_on_confirm_page(MyStepdefs.java:145)
	at ✽.Then verify user is on confirm page(features/scenarioOutline.feature:20)
]]></failure>
  </testcase>
  <testcase name="| SecondUser | LastName | SecondUser@gmail.com | SecondUser | password12 | 1234567890 | Sushant Lok | 122002 | 1991 | jan | 21 | Female | Test User 2 |" classname="| SecondUser | LastName | SecondUser@gmail.com | SecondUser | password12 | 1234567890 | Sushant Lok | 122002 | 1991 | jan | 21 | Female | Test User 2 |" time="0.001">
    <failure message="expected:&lt;[User was successfully created.]&gt; but was:&lt;[Element Not Found]&gt;" type="org.junit.ComparisonFailure"><![CDATA[org.junit.ComparisonFailure: expected:<[User was successfully created.]> but was:<[Element Not Found]>
	at org.junit.Assert.assertEquals(Assert.java:115)
	at org.junit.Assert.assertEquals(Assert.java:144)
	at steps.MyStepdefs.verify_user_is_on_confirm_page(MyStepdefs.java:145)
	at ✽.Then verify user is on confirm page(features/scenarioOutline.feature:20)
]]></failure>
  </testcase>
  <testcase name="Given I am a new users page" classname="Scenario: creating new api user" time="0">
    <skipped/>
    <system-out><![CDATA[
  Scenario Outline: Third new user                  &amp#27;[90m# features/scenarioOutline.feature:24&amp#27;[0m
    &amp#27;[32mGiven &amp#27;[0m&amp#27;[32mI am in users page&amp#27;[0m                        &amp#27;[90m# MyStepdefs.I_am_in_users_page()&amp#27;[0m
    &amp#27;[32mThen &amp#27;[0m&amp#27;[32mI click on new user link&amp#27;[0m                   &amp#27;[90m# MyStepdefs.I_click_on_new_user_link()&amp#27;[0m
    &amp#27;[32mAnd &amp#27;[0m&amp#27;[32menter user first name as &amp#27;[0m&amp#27;[32m&amp#27;[1mSecondUser&amp#27;[0m         &amp#27;[90m# MyStepdefs.enter_user_first_name_as(String)&amp#27;[0m
    &amp#27;[32mAnd &amp#27;[0m&amp#27;[32menter user last name as &amp#27;[0m&amp#27;[32m&amp#27;[1mLastName&amp#27;[0m            &amp#27;[90m# MyStepdefs.enter_user_last_name_as(String)&amp#27;[0m
    &amp#27;[32mAnd &amp#27;[0m&amp#27;[32menter user email id as &amp#27;[0m&amp#27;[32m&amp#27;[1mSecondUser@gmail.com&amp#27;[0m &amp#27;[90m# MyStepdefs.enter_user_email_id_as(String)&amp#27;[0m
    &amp#27;[32mAnd &amp#27;[0m&amp#27;[32menter user username as &amp#27;[0m&amp#27;[32m&amp#27;[1mSecondUser&amp#27;[0m           &amp#27;[90m# MyStepdefs.enter_user_username_as(String)&amp#27;[0m
    &amp#27;[32mAnd &amp#27;[0m&amp#27;[32menter user password as &amp#27;[0m&amp#27;[32m&amp#27;[1mpassword12&amp#27;[0m           &amp#27;[90m# MyStepdefs.enter_user_password_as(String)&amp#27;[0m
    &amp#27;[32mAnd &amp#27;[0m&amp#27;[32menter user phone as &amp#27;[0m&amp#27;[32m&amp#27;[1m1234567890&amp#27;[0m              &amp#27;[90m# MyStepdefs.enter_user_phone_as(String)&amp#27;[0m
    &amp#27;[32mAnd &amp#27;[0m&amp#27;[32menter user address as &amp#27;[0m&amp#27;[32m&amp#27;[1mSushant Lok&amp#27;[0m           &amp#27;[90m# MyStepdefs.enter_user_address_as(String)&amp#27;[0m
    &amp#27;[32mAnd &amp#27;[0m&amp#27;[32menter user postcode as &amp#27;[0m&amp#27;[32m&amp#27;[1m122002&amp#27;[0m               &amp#27;[90m# MyStepdefs.enter_user_postcode_as(String)&amp#27;[0m
    &amp#27;[32mAnd &amp#27;[0m&amp#27;[32menter user year of dob as &amp#27;[0m&amp#27;[32m&amp#27;[1m1991&amp#27;[0m              &amp#27;[90m# MyStepdefs.enter_user_year_of_dob_as(String)&amp#27;[0m
    &amp#27;[32mAnd &amp#27;[0m&amp#27;[32menter user month of dob as &amp#27;[0m&amp#27;[32m&amp#27;[1mjan&amp#27;[0m              &amp#27;[90m# MyStepdefs.enter_user_month_of_dob_as(String)&amp#27;[0m
    &amp#27;[32mAnd &amp#27;[0m&amp#27;[32menter user day of dob as &amp#27;[0m&amp#27;[32m&amp#27;[1m21&amp#27;[0m                 &amp#27;[90m# MyStepdefs.enter_user_day_of_dob_as(String)&amp#27;[0m
    &amp#27;[32mAnd &amp#27;[0m&amp#27;[32menter user sex as &amp#27;[0m&amp#27;[32m&amp#27;[1mFemale&amp#27;[0m                    &amp#27;[90m# MyStepdefs.enter_user_sex_as(String)&amp#27;[0m
    &amp#27;[32mAnd &amp#27;[0m&amp#27;[32menter user comments as &amp#27;[0m&amp#27;[32m&amp#27;[1mTest User 2&amp#27;[0m          &amp#27;[90m# MyStepdefs.enter_user_comments_as(String)&amp#27;[0m
    &amp#27;[32mAnd &amp#27;[0m&amp#27;[32mclick create user button&amp#27;[0m                    &amp#27;[90m# MyStepdefs.click_create_user_button()&amp#27;[0m
    &amp#27;[31mThen &amp#27;[0m&amp#27;[31mverify user is on confirm page&amp#27;[0m             &amp#27;[90m# MyStepdefs.verify_user_is_on_confirm_page()&amp#27;[0m
      &amp#27;[31morg.junit.ComparisonFailure: expected:<[User was successfully created.]> but was:<[Element Not Found]>
      	at org.junit.Assert.assertEquals(Assert.java:115)
      	at org.junit.Assert.assertEquals(Assert.java:144)
      	at steps.MyStepdefs.verify_user_is_on_confirm_page(MyStepdefs.java:145)
      	at ?.Then verify user is on confirm page(features/scenarioOutline.feature:20)
      &amp#27;[0m
Feature: Simpletest user feature file
]]></system-out>
  </testcase>
  <testcase name="When I click on new page user link" classname="Scenario: creating new api user" time="0">
    <skipped/>
  </testcase>
  <testcase name="And enter first user first name as FirstName2" classname="Scenario: creating new api user" time="0">
    <skipped/>
  </testcase>
  <testcase name="Then verify users is on confirm page" classname="Scenario: creating new api user" time="0">
    <skipped/>
  </testcase>
  <testcase name="Scenario: creating new api user" classname="Scenario: creating new api user" time="0">
    <skipped/>
  </testcase>
  <testcase name="Scenario: creating new api user" classname="Scenario: creating new api user" time="5.291"/>
</testsuite>