<?xml version="1.0" encoding="UTF-8"?><testsuite failures="5" name="cucumber.runtime.formatter.JUnitFormatter" skipped="1" tests="6" time="71.42046">
<testcase classname="simple feature file" name="creating new user 1" time="15.005762">
<failure message="org.junit.ComparisonFailure: expected:&lt;[User was successfully created.]&gt; but was:&lt;[Element Not Found]&gt;&#13;&#10;&#9;at org.junit.Assert.assertEquals(Assert.java:115)&#13;&#10;&#9;at org.junit.Assert.assertEquals(Assert.java:144)&#13;&#10;&#9;at steps.MyStepdefs.verify_user_is_on_confirm_page(MyStepdefs.java:145)&#13;&#10;&#9;at ✽.Then verify user is on confirm page(features/backgroundFeature.feature:22)&#13;&#10;"><![CDATA[Given I am in users page....................................................passed
Then I click on new user link...............................................passed
And enter user first name as FirstName......................................passed
And enter user last name as LastName........................................passed
And enter user email id as First.Last@gmail.com.............................passed
And enter user username as UserName.........................................passed
And enter user password as Password.........................................passed
And enter user phone as 12345677891.........................................passed
And enter user address as TW Gurgaon........................................passed
And enter user postcode as 122002...........................................passed
And enter user year of dob as 1991..........................................passed
And enter user month of dob as March........................................passed
And enter user day of dob as 21.............................................passed
And enter user sex as Female................................................passed
And enter user comments as attending vodqa..................................passed
And click create user button................................................passed
Then verify user is on confirm page.........................................failed

StackTrace:
org.junit.ComparisonFailure: expected:<[User was successfully created.]> but was:<[Element Not Found]>
	at org.junit.Assert.assertEquals(Assert.java:115)
	at org.junit.Assert.assertEquals(Assert.java:144)
	at steps.MyStepdefs.verify_user_is_on_confirm_page(MyStepdefs.java:145)
	at ✽.Then verify user is on confirm page(features/backgroundFeature.feature:22)
]]></failure>
</testcase>
<testcase classname="simple feature file" name="creating new user 2" time="13.13175">
<failure message="org.junit.ComparisonFailure: expected:&lt;[User was successfully created.]&gt; but was:&lt;[Element Not Found]&gt;&#13;&#10;&#9;at org.junit.Assert.assertEquals(Assert.java:115)&#13;&#10;&#9;at org.junit.Assert.assertEquals(Assert.java:144)&#13;&#10;&#9;at steps.MyStepdefs.verify_user_is_on_confirm_page(MyStepdefs.java:145)&#13;&#10;&#9;at ✽.Then verify user is on confirm page(features/backgroundFeature.feature:40)&#13;&#10;"><![CDATA[Given I am in users page....................................................passed
Then I click on new user link...............................................passed
And enter user first name as FirstName......................................passed
And enter user last name as LastName........................................passed
And enter user email id as First.Last@gmail.com.............................passed
And enter user username as UserName.........................................passed
And enter user password as Password.........................................passed
And enter user phone as 12345677891.........................................passed
And enter user address as TW Gurgaon........................................passed
And enter user postcode as 122002...........................................passed
And enter user year of dob as 1991..........................................passed
And enter user month of dob as March........................................passed
And enter user day of dob as 21.............................................passed
And enter user sex as Female................................................passed
And enter user comments as attending vodqa..................................passed
And click create user button................................................passed
Then verify user is on confirm page.........................................failed

StackTrace:
org.junit.ComparisonFailure: expected:<[User was successfully created.]> but was:<[Element Not Found]>
	at org.junit.Assert.assertEquals(Assert.java:115)
	at org.junit.Assert.assertEquals(Assert.java:144)
	at steps.MyStepdefs.verify_user_is_on_confirm_page(MyStepdefs.java:145)
	at ✽.Then verify user is on confirm page(features/backgroundFeature.feature:40)
]]></failure>
</testcase>
<testcase classname="DataTable based feature file" name="Second User creation" time="12.775903">
<failure message="org.junit.ComparisonFailure: expected:&lt;[User was successfully created.]&gt; but was:&lt;[Element Not Found]&gt;&#13;&#10;&#9;at org.junit.Assert.assertEquals(Assert.java:115)&#13;&#10;&#9;at org.junit.Assert.assertEquals(Assert.java:144)&#13;&#10;&#9;at steps.MyStepdefs.verify_user_is_on_confirm_page(MyStepdefs.java:145)&#13;&#10;&#9;at ✽.Then verify user is on confirm page(features/dataTableFeature.feature:10)&#13;&#10;"><![CDATA[Given I am in users page....................................................passed
When I click on new user link...............................................passed
And I enter user details as:................................................passed
And click create user button................................................passed
Then verify user is on confirm page.........................................failed

StackTrace:
org.junit.ComparisonFailure: expected:<[User was successfully created.]> but was:<[Element Not Found]>
	at org.junit.Assert.assertEquals(Assert.java:115)
	at org.junit.Assert.assertEquals(Assert.java:144)
	at steps.MyStepdefs.verify_user_is_on_confirm_page(MyStepdefs.java:145)
	at ✽.Then verify user is on confirm page(features/dataTableFeature.feature:10)
]]></failure>
</testcase>
<testcase classname="Simple feature file" name="creating new user" time="12.886058">
<failure message="org.junit.ComparisonFailure: expected:&lt;[User was successfully created.]&gt; but was:&lt;[Element Not Found]&gt;&#13;&#10;&#9;at org.junit.Assert.assertEquals(Assert.java:115)&#13;&#10;&#9;at org.junit.Assert.assertEquals(Assert.java:144)&#13;&#10;&#9;at steps.MyStepdefs.verify_user_is_on_confirm_page(MyStepdefs.java:145)&#13;&#10;&#9;at ✽.Then verify user is on confirm page(features/feature.feature:21)&#13;&#10;"><![CDATA[Given I am in users page....................................................passed
Then I click on new user link...............................................passed
And enter user first name as FirstName2.....................................passed
And enter user last name as LastName2.......................................passed
And enter user email id as First2.Last2@gmail.com...........................passed
And enter user username as UserName.........................................passed
And enter user password as Password.........................................passed
And enter user phone as 12345677891.........................................passed
And enter user address as TW Gurgaon........................................passed
And enter user postcode as 122002...........................................passed
And enter user year of dob as 1991..........................................passed
And enter user month of dob as March........................................passed
And enter user day of dob as 21.............................................passed
And enter user sex as Female................................................passed
And enter user comments as attending vodqa..................................passed
And click create user button................................................passed
Then verify user is on confirm page.........................................failed

StackTrace:
org.junit.ComparisonFailure: expected:<[User was successfully created.]> but was:<[Element Not Found]>
	at org.junit.Assert.assertEquals(Assert.java:115)
	at org.junit.Assert.assertEquals(Assert.java:144)
	at steps.MyStepdefs.verify_user_is_on_confirm_page(MyStepdefs.java:145)
	at ✽.Then verify user is on confirm page(features/feature.feature:21)
]]></failure>
</testcase>
<testcase classname="scenario outline feature file" name="Third new user" time="12.338351">
<failure message="org.junit.ComparisonFailure: expected:&lt;[User was successfully created.]&gt; but was:&lt;[Element Not Found]&gt;&#13;&#10;&#9;at org.junit.Assert.assertEquals(Assert.java:115)&#13;&#10;&#9;at org.junit.Assert.assertEquals(Assert.java:144)&#13;&#10;&#9;at steps.MyStepdefs.verify_user_is_on_confirm_page(MyStepdefs.java:145)&#13;&#10;&#9;at ✽.Then verify user is on confirm page(features/scenarioOutline.feature:20)&#13;&#10;"><![CDATA[Given I am in users page....................................................passed
Then I click on new user link...............................................passed
And enter user first name as SecondUser.....................................passed
And enter user last name as LastName........................................passed
And enter user email id as SecondUser@gmail.com.............................passed
And enter user username as SecondUser.......................................passed
And enter user password as password12.......................................passed
And enter user phone as 1234567890..........................................passed
And enter user address as Sushant Lok.......................................passed
And enter user postcode as 122002...........................................passed
And enter user year of dob as 1991..........................................passed
And enter user month of dob as jan..........................................passed
And enter user day of dob as 21.............................................passed
And enter user sex as Female................................................passed
And enter user comments as Test User 2......................................passed
And click create user button................................................passed
Then verify user is on confirm page.........................................failed

StackTrace:
org.junit.ComparisonFailure: expected:<[User was successfully created.]> but was:<[Element Not Found]>
	at org.junit.Assert.assertEquals(Assert.java:115)
	at org.junit.Assert.assertEquals(Assert.java:144)
	at steps.MyStepdefs.verify_user_is_on_confirm_page(MyStepdefs.java:145)
	at ✽.Then verify user is on confirm page(features/scenarioOutline.feature:20)
]]></failure>
</testcase>
<testcase classname="Simpletest user feature file" name="creating new api user" time="5.282636">
<skipped><![CDATA[Given I am a new users page.................................................undefined
When I click on new page user link..........................................undefined
And enter first user first name as FirstName2...............................undefined
Then verify users is on confirm page........................................undefined
]]></skipped>
</testcase>
</testsuite>
